<?xml version="1.0" encoding="UTF-8"?>
<!-- Generated by org.testng.reporters.JUnitReportReporter -->
<testsuite hostname="ZIL793" failures="0" tests="2" name="UdemyJavaSelenium.TestNgPractice" time="0.008" errors="0" timestamp="2025-01-09T22:43:28 IST" skipped="0">
  <testcase classname="UdemyJavaSelenium.TestNgPractice" name="test1" time="0.006"/>
  <system-out/>
  <testcase classname="UdemyJavaSelenium.TestNgPractice" name="test2" time="0.002"/>
  <system-out/>
</testsuite> <!-- UdemyJavaSelenium.TestNgPractice -->
