<?xml version="1.0" encoding="UTF-8"?>
<!-- Generated by org.testng.reporters.JUnitReportReporter -->
<testsuite hostname="ZIL793" failures="0" tests="1" name="UdemyJavaSelenium.TestNgPractice" time="0.014" errors="0" timestamp="2025-01-07T12:35:49 IST" skipped="0">
  <testcase classname="UdemyJavaSelenium.TestNgPractice" name="test1" time="0.014"/>
  <system-out/>
</testsuite> <!-- UdemyJavaSelenium.TestNgPractice -->
