<?xml version="1.0" encoding="UTF-8"?>
<!-- Generated by org.testng.reporters.JUnitReportReporter -->
<testsuite hostname="ZIL793" failures="0" tests="1" name="POMProject.testcases.NavigationwithTestNg" time="3.435" errors="0" timestamp="2025-01-01T22:08:06 IST" skipped="0">
  <testcase classname="POMProject.testcases.NavigationwithTestNg" name="googlesearch" time="3.435"/>
  <system-out/>
</testsuite> <!-- POMProject.testcases.NavigationwithTestNg -->
